<?xml version="1.0" encoding="UTF-8"?>
<testsuite xmlns:xsi="http://www.w3.org/2001/XMLSchema-instance" xsi:noNamespaceSchemaLocation="https://maven.apache.org/surefire/maven-surefire-plugin/xsd/surefire-test-report-3.0.xsd" version="3.0" name="br.com.nttdata.teste3.Teste3ApplicationTests" time="2.764" tests="1" errors="0" skipped="0" failures="0">
  <properties>
[...]
</properties>
  <testcase name="contextLoads" classname="br.com.nttdata.teste3.Teste3ApplicationTests" time="1.098">
    <system-out><![CDATA[19:49:44.372 [main] INFO org.springframework.test.context.support.AnnotationConfigContextLoaderUtils -- Could not detect default configuration classes for test class [br.com.nttdata.teste3.Teste3ApplicationTests]: Teste3ApplicationTests does not declare any static, non-private, non-final, nested classes annotated with @Configuration.
19:49:44.508 [main] INFO org.springframework.boot.test.context.SpringBootTestContextBootstrapper -- Found @SpringBootConfiguration br.com.nttdata.teste3.Teste3Application for test class br.com.nttdata.teste3.Teste3ApplicationTests

  .   ____          _            __ _ _
 /\\ / ___'_ __ _ _(_)_ __  __ _ \ \ \ \
( ( )\___ | '_ | '_| | '_ \/ _` | \ \ \ \
 \\/  ___)| |_)| | | | | || (_| |  ) ) ) )
  '  |____| .__|_| |_|_| |_\__, | / / / /
 =========|_|==============|___/=/_/_/_/
 :: Spring Boot ::                (v3.1.1)

2023-07-16T19:49:45.132-03:00  INFO 4120 --- [           main] b.c.n.teste3.Teste3ApplicationTests      : Starting Teste3ApplicationTests using Java 17.0.7 with PID 4120 (started by gsilvcor in C:\Users\gsilvcor\IdeaProjects\teste3)
2023-07-16T19:49:45.136-03:00  INFO 4120 --- [           main] b.c.n.teste3.Teste3ApplicationTests      : No active profile set, falling back to 1 default profile: "default"
2023-07-16T19:49:45.778-03:00  INFO 4120 --- [           main] b.c.n.teste3.Teste3ApplicationTests      : Started Teste3ApplicationTests in 1.033 seconds (process running for 2.308)
]]></system-out>
  </testcase>
</testsuite>